<?xml version="1.0" encoding="UTF-8"?>
<testsuite xmlns:xsi="http://www.w3.org/2001/XMLSchema-instance" xsi:noNamespaceSchemaLocation="https://maven.apache.org/surefire/maven-surefire-plugin/xsd/surefire-test-report-3.0.xsd" version="3.0" name="com.exemplo.LibraryTest" time="0.326" tests="1" errors="0" skipped="0" failures="0">
  <properties>
    <property name="java.specification.version" value="21"/>
    <property name="sun.jnu.encoding" value="UTF-8"/>
    <property name="java.class.path" value="/home/miguel/.m2/repository/org/apache/maven/surefire/surefire-booter/3.0.0-M7/surefire-booter-3.0.0-M7.jar:/home/miguel/.m2/repository/org/apache/maven/surefire/surefire-api/3.0.0-M7/surefire-api-3.0.0-M7.jar:/home/miguel/.m2/repository/org/apache/maven/surefire/surefire-logger-api/3.0.0-M7/surefire-logger-api-3.0.0-M7.jar:/home/miguel/.m2/repository/org/apache/maven/surefire/surefire-shared-utils/3.0.0-M7/surefire-shared-utils-3.0.0-M7.jar:/home/miguel/.m2/repository/org/apache/maven/surefire/surefire-extensions-spi/3.0.0-M7/surefire-extensions-spi-3.0.0-M7.jar:/home/miguel/Secretária/3_ano/2_semestre/TQS/TQS_108481/lab5/lab5_2/target/test-classes:/home/miguel/Secretária/3_ano/2_semestre/TQS/TQS_108481/lab5/lab5_2/target/classes:/home/miguel/.m2/repository/org/slf4j/slf4j-api/2.0.17/slf4j-api-2.0.17.jar:/home/miguel/.m2/repository/ch/qos/logback/logback-classic/1.5.17/logback-classic-1.5.17.jar:/home/miguel/.m2/repository/ch/qos/logback/logback-core/1.5.17/logback-core-1.5.17.jar:/home/miguel/.m2/repository/org/junit/jupiter/junit-jupiter/5.12.0/junit-jupiter-5.12.0.jar:/home/miguel/.m2/repository/org/junit/jupiter/junit-jupiter-api/5.12.0/junit-jupiter-api-5.12.0.jar:/home/miguel/.m2/repository/org/junit/jupiter/junit-jupiter-params/5.12.0/junit-jupiter-params-5.12.0.jar:/home/miguel/.m2/repository/org/junit/jupiter/junit-jupiter-engine/5.12.0/junit-jupiter-engine-5.12.0.jar:/home/miguel/.m2/repository/org/junit/platform/junit-platform-engine/1.12.0/junit-platform-engine-1.12.0.jar:/home/miguel/.m2/repository/org/opentest4j/opentest4j/1.3.0/opentest4j-1.3.0.jar:/home/miguel/.m2/repository/org/junit/platform/junit-platform-commons/1.12.0/junit-platform-commons-1.12.0.jar:/home/miguel/.m2/repository/org/apiguardian/apiguardian-api/1.1.2/apiguardian-api-1.1.2.jar:/home/miguel/.m2/repository/org/junit/platform/junit-platform-suite/1.12.0/junit-platform-suite-1.12.0.jar:/home/miguel/.m2/repository/org/junit/platform/junit-platform-suite-api/1.12.0/junit-platform-suite-api-1.12.0.jar:/home/miguel/.m2/repository/org/junit/platform/junit-platform-suite-engine/1.12.0/junit-platform-suite-engine-1.12.0.jar:/home/miguel/.m2/repository/org/junit/platform/junit-platform-suite-commons/1.12.0/junit-platform-suite-commons-1.12.0.jar:/home/miguel/.m2/repository/org/junit/platform/junit-platform-launcher/1.12.0/junit-platform-launcher-1.12.0.jar:/home/miguel/.m2/repository/io/cucumber/cucumber-java/7.21.1/cucumber-java-7.21.1.jar:/home/miguel/.m2/repository/io/cucumber/cucumber-core/7.21.1/cucumber-core-7.21.1.jar:/home/miguel/.m2/repository/io/cucumber/cucumber-gherkin/7.21.1/cucumber-gherkin-7.21.1.jar:/home/miguel/.m2/repository/io/cucumber/cucumber-gherkin-messages/7.21.1/cucumber-gherkin-messages-7.21.1.jar:/home/miguel/.m2/repository/io/cucumber/gherkin/31.0.0/gherkin-31.0.0.jar:/home/miguel/.m2/repository/io/cucumber/messages/27.2.0/messages-27.2.0.jar:/home/miguel/.m2/repository/io/cucumber/testng-xml-formatter/0.3.1/testng-xml-formatter-0.3.1.jar:/home/miguel/.m2/repository/io/cucumber/query/13.2.0/query-13.2.0.jar:/home/miguel/.m2/repository/io/cucumber/tag-expressions/6.1.2/tag-expressions-6.1.2.jar:/home/miguel/.m2/repository/io/cucumber/cucumber-expressions/18.0.1/cucumber-expressions-18.0.1.jar:/home/miguel/.m2/repository/io/cucumber/datatable/7.21.1/datatable-7.21.1.jar:/home/miguel/.m2/repository/io/cucumber/cucumber-plugin/7.21.1/cucumber-plugin-7.21.1.jar:/home/miguel/.m2/repository/io/cucumber/docstring/7.21.1/docstring-7.21.1.jar:/home/miguel/.m2/repository/io/cucumber/html-formatter/21.9.0/html-formatter-21.9.0.jar:/home/miguel/.m2/repository/io/cucumber/junit-xml-formatter/0.7.1/junit-xml-formatter-0.7.1.jar:/home/miguel/.m2/repository/io/cucumber/ci-environment/10.0.1/ci-environment-10.0.1.jar:/home/miguel/.m2/repository/io/cucumber/cucumber-junit-platform-engine/7.21.1/cucumber-junit-platform-engine-7.21.1.jar:/home/miguel/.m2/repository/org/hamcrest/hamcrest/2.2/hamcrest-2.2.jar:/home/miguel/.m2/repository/org/apache/maven/surefire/surefire-junit-platform/3.0.0-M7/surefire-junit-platform-3.0.0-M7.jar:/home/miguel/.m2/repository/org/apache/maven/surefire/common-java5/3.0.0-M7/common-java5-3.0.0-M7.jar"/>
    <property name="java.vm.vendor" value="Ubuntu"/>
    <property name="sun.arch.data.model" value="64"/>
    <property name="java.vendor.url" value="https://ubuntu.com/"/>
    <property name="user.timezone" value="Europe/Lisbon"/>
    <property name="os.name" value="Linux"/>
    <property name="java.vm.specification.version" value="21"/>
    <property name="sun.java.launcher" value="SUN_STANDARD"/>
    <property name="user.country" value="PT"/>
    <property name="sun.boot.library.path" value="/usr/lib/jvm/java-21-openjdk-amd64/lib"/>
    <property name="sun.java.command" value="org.apache.maven.surefire.booter.ForkedBooter /home/miguel/Secretária/3_ano/2_semestre/TQS/TQS_108481/lab5/lab5_2/target/surefire 2025-03-18T10-07-24_242-jvmRun1 surefire-20250318100724567_1tmp surefire_0-20250318100724567_2tmp"/>
    <property name="jdk.debug" value="release"/>
    <property name="surefire.test.class.path" value="/home/miguel/Secretária/3_ano/2_semestre/TQS/TQS_108481/lab5/lab5_2/target/test-classes:/home/miguel/Secretária/3_ano/2_semestre/TQS/TQS_108481/lab5/lab5_2/target/classes:/home/miguel/.m2/repository/org/slf4j/slf4j-api/2.0.17/slf4j-api-2.0.17.jar:/home/miguel/.m2/repository/ch/qos/logback/logback-classic/1.5.17/logback-classic-1.5.17.jar:/home/miguel/.m2/repository/ch/qos/logback/logback-core/1.5.17/logback-core-1.5.17.jar:/home/miguel/.m2/repository/org/junit/jupiter/junit-jupiter/5.12.0/junit-jupiter-5.12.0.jar:/home/miguel/.m2/repository/org/junit/jupiter/junit-jupiter-api/5.12.0/junit-jupiter-api-5.12.0.jar:/home/miguel/.m2/repository/org/junit/jupiter/junit-jupiter-params/5.12.0/junit-jupiter-params-5.12.0.jar:/home/miguel/.m2/repository/org/junit/jupiter/junit-jupiter-engine/5.12.0/junit-jupiter-engine-5.12.0.jar:/home/miguel/.m2/repository/org/junit/platform/junit-platform-engine/1.12.0/junit-platform-engine-1.12.0.jar:/home/miguel/.m2/repository/org/opentest4j/opentest4j/1.3.0/opentest4j-1.3.0.jar:/home/miguel/.m2/repository/org/junit/platform/junit-platform-commons/1.12.0/junit-platform-commons-1.12.0.jar:/home/miguel/.m2/repository/org/apiguardian/apiguardian-api/1.1.2/apiguardian-api-1.1.2.jar:/home/miguel/.m2/repository/org/junit/platform/junit-platform-suite/1.12.0/junit-platform-suite-1.12.0.jar:/home/miguel/.m2/repository/org/junit/platform/junit-platform-suite-api/1.12.0/junit-platform-suite-api-1.12.0.jar:/home/miguel/.m2/repository/org/junit/platform/junit-platform-suite-engine/1.12.0/junit-platform-suite-engine-1.12.0.jar:/home/miguel/.m2/repository/org/junit/platform/junit-platform-suite-commons/1.12.0/junit-platform-suite-commons-1.12.0.jar:/home/miguel/.m2/repository/org/junit/platform/junit-platform-launcher/1.12.0/junit-platform-launcher-1.12.0.jar:/home/miguel/.m2/repository/io/cucumber/cucumber-java/7.21.1/cucumber-java-7.21.1.jar:/home/miguel/.m2/repository/io/cucumber/cucumber-core/7.21.1/cucumber-core-7.21.1.jar:/home/miguel/.m2/repository/io/cucumber/cucumber-gherkin/7.21.1/cucumber-gherkin-7.21.1.jar:/home/miguel/.m2/repository/io/cucumber/cucumber-gherkin-messages/7.21.1/cucumber-gherkin-messages-7.21.1.jar:/home/miguel/.m2/repository/io/cucumber/gherkin/31.0.0/gherkin-31.0.0.jar:/home/miguel/.m2/repository/io/cucumber/messages/27.2.0/messages-27.2.0.jar:/home/miguel/.m2/repository/io/cucumber/testng-xml-formatter/0.3.1/testng-xml-formatter-0.3.1.jar:/home/miguel/.m2/repository/io/cucumber/query/13.2.0/query-13.2.0.jar:/home/miguel/.m2/repository/io/cucumber/tag-expressions/6.1.2/tag-expressions-6.1.2.jar:/home/miguel/.m2/repository/io/cucumber/cucumber-expressions/18.0.1/cucumber-expressions-18.0.1.jar:/home/miguel/.m2/repository/io/cucumber/datatable/7.21.1/datatable-7.21.1.jar:/home/miguel/.m2/repository/io/cucumber/cucumber-plugin/7.21.1/cucumber-plugin-7.21.1.jar:/home/miguel/.m2/repository/io/cucumber/docstring/7.21.1/docstring-7.21.1.jar:/home/miguel/.m2/repository/io/cucumber/html-formatter/21.9.0/html-formatter-21.9.0.jar:/home/miguel/.m2/repository/io/cucumber/junit-xml-formatter/0.7.1/junit-xml-formatter-0.7.1.jar:/home/miguel/.m2/repository/io/cucumber/ci-environment/10.0.1/ci-environment-10.0.1.jar:/home/miguel/.m2/repository/io/cucumber/cucumber-junit-platform-engine/7.21.1/cucumber-junit-platform-engine-7.21.1.jar:/home/miguel/.m2/repository/org/hamcrest/hamcrest/2.2/hamcrest-2.2.jar:"/>
    <property name="sun.cpu.endian" value="little"/>
    <property name="user.home" value="/home/miguel"/>
    <property name="user.language" value="pt"/>
    <property name="java.specification.vendor" value="Oracle Corporation"/>
    <property name="java.version.date" value="2025-01-21"/>
    <property name="java.home" value="/usr/lib/jvm/java-21-openjdk-amd64"/>
    <property name="file.separator" value="/"/>
    <property name="basedir" value="/home/miguel/Secretária/3_ano/2_semestre/TQS/TQS_108481/lab5/lab5_2"/>
    <property name="java.vm.compressedOopsMode" value="Zero based"/>
    <property name="line.separator" value="&#10;"/>
    <property name="java.specification.name" value="Java Platform API Specification"/>
    <property name="java.vm.specification.vendor" value="Oracle Corporation"/>
    <property name="sun.management.compiler" value="HotSpot 64-Bit Tiered Compilers"/>
    <property name="java.runtime.version" value="21.0.6+7-Ubuntu-124.04.1"/>
    <property name="user.name" value="miguel"/>
    <property name="stdout.encoding" value="UTF-8"/>
    <property name="path.separator" value=":"/>
    <property name="os.version" value="6.11.0-19-generic"/>
    <property name="java.runtime.name" value="OpenJDK Runtime Environment"/>
    <property name="file.encoding" value="UTF-8"/>
    <property name="java.vm.name" value="OpenJDK 64-Bit Server VM"/>
    <property name="localRepository" value="/home/miguel/.m2/repository"/>
    <property name="java.vendor.url.bug" value="https://bugs.launchpad.net/ubuntu/+source/openjdk-21"/>
    <property name="java.io.tmpdir" value="/tmp"/>
    <property name="java.version" value="21.0.6"/>
    <property name="user.dir" value="/home/miguel/Secretária/3_ano/2_semestre/TQS/TQS_108481/lab5/lab5_2"/>
    <property name="os.arch" value="amd64"/>
    <property name="java.vm.specification.name" value="Java Virtual Machine Specification"/>
    <property name="native.encoding" value="UTF-8"/>
    <property name="java.library.path" value="/usr/java/packages/lib:/usr/lib/x86_64-linux-gnu/jni:/lib/x86_64-linux-gnu:/usr/lib/x86_64-linux-gnu:/usr/lib/jni:/lib:/usr/lib"/>
    <property name="java.vm.info" value="mixed mode, sharing"/>
    <property name="stderr.encoding" value="UTF-8"/>
    <property name="java.vendor" value="Ubuntu"/>
    <property name="java.vm.version" value="21.0.6+7-Ubuntu-124.04.1"/>
    <property name="sun.io.unicode.encoding" value="UnicodeLittle"/>
    <property name="java.class.version" value="65.0"/>
  </properties>
  <testcase name="Search books by publication year" classname="Book search" time="0.144">
    <system-out><![CDATA[
Scenario: Search books by publication year                                                                    &amp#27;[90m# features/library.feature:4&amp#27;[0m
  &amp#27;[32mGiven &amp#27;[0m&amp#27;[32ma book with the title &amp#27;[0m&amp#27;[32m&amp#27;[1m'One good book'&amp#27;[0m&amp#27;[32m, written by &amp#27;[0m&amp#27;[32m&amp#27;[1m'Anonymous'&amp#27;[0m&amp#27;[32m, published in &amp#27;[0m&amp#27;[32m&amp#27;[1m2013-03-14&amp#27;[0m                &amp#27;[90m# com.exemplo.BookSearchSteps.addNewBook(java.lang.String,java.lang.String,java.time.LocalDate)&amp#27;[0m
  &amp#27;[32mAnd &amp#27;[0m&amp#27;[32manother book with the title &amp#27;[0m&amp#27;[32m&amp#27;[1m'Some other book'&amp#27;[0m&amp#27;[32m, written by &amp#27;[0m&amp#27;[32m&amp#27;[1m'Tim Tomson'&amp#27;[0m&amp#27;[32m, published in &amp#27;[0m&amp#27;[32m&amp#27;[1m2014-08-23&amp#27;[0m         &amp#27;[90m# com.exemplo.BookSearchSteps.addAnotherBook(java.lang.String,java.lang.String,java.time.LocalDate)&amp#27;[0m
  &amp#27;[32mAnd &amp#27;[0m&amp#27;[32manother book with the title &amp#27;[0m&amp#27;[32m&amp#27;[1m'How to cook a dino'&amp#27;[0m&amp#27;[32m, written by &amp#27;[0m&amp#27;[32m&amp#27;[1m'Fred Flintstone'&amp#27;[0m&amp#27;[32m, published in &amp#27;[0m&amp#27;[32m&amp#27;[1m2012-01-01&amp#27;[0m &amp#27;[90m# com.exemplo.BookSearchSteps.addAnotherBook(java.lang.String,java.lang.String,java.time.LocalDate)&amp#27;[0m
  &amp#27;[32mWhen &amp#27;[0m&amp#27;[32mthe customer searches for books published between &amp#27;[0m&amp#27;[32m&amp#27;[1m2013-01-01&amp#27;[0m&amp#27;[32m and &amp#27;[0m&amp#27;[32m&amp#27;[1m2014-12-31&amp#27;[0m                            &amp#27;[90m# com.exemplo.BookSearchSteps.setSearchParameters(java.time.LocalDate,java.time.LocalDate)&amp#27;[0m
Books found: 2
Title: Some other book - Published: 2014-08-23T00:00
Title: One good book - Published: 2013-03-14T00:00
  &amp#27;[32mThen &amp#27;[0m&amp#27;[32m&amp#27;[0m&amp#27;[32m&amp#27;[1m2&amp#27;[0m&amp#27;[32m books should have been found&amp#27;[0m                                                                         &amp#27;[90m# com.exemplo.BookSearchSteps.verifyAmountOfBooksFound(int)&amp#27;[0m
Checking position 1 - Expected: Some other book - Found: Some other book
  &amp#27;[32mAnd &amp#27;[0m&amp#27;[32mBook &amp#27;[0m&amp#27;[32m&amp#27;[1m1&amp#27;[0m&amp#27;[32m should have the title &amp#27;[0m&amp#27;[32m&amp#27;[1m'Some other book'&amp#27;[0m                                                          &amp#27;[90m# com.exemplo.BookSearchSteps.verifyBookAtPosition(int,java.lang.String)&amp#27;[0m
Checking position 2 - Expected: One good book - Found: One good book
  &amp#27;[32mAnd &amp#27;[0m&amp#27;[32mBook &amp#27;[0m&amp#27;[32m&amp#27;[1m2&amp#27;[0m&amp#27;[32m should have the title &amp#27;[0m&amp#27;[32m&amp#27;[1m'One good book'&amp#27;[0m                                                            &amp#27;[90m# com.exemplo.BookSearchSteps.verifyBookAtPosition(int,java.lang.String)&amp#27;[0m
]]></system-out>
  </testcase>
</testsuite>