<?xml version="1.0" encoding="UTF-8"?>
<testsuite xmlns:xsi="http://www.w3.org/2001/XMLSchema-instance" xsi:noNamespaceSchemaLocation="https://maven.apache.org/surefire/maven-surefire-plugin/xsd/surefire-test-report-3.0.xsd" version="3.0" name="com.example.lab6_5.CarIntegrationTest" time="22.735" tests="2" errors="0" skipped="0" failures="0">
  <properties>
    <property name="java.specification.version" value="21"/>
    <property name="sun.jnu.encoding" value="UTF-8"/>
    <property name="java.class.path" value="/home/miguel/Secretária/3_ano/2_semestre/TQS/TQS_108481/lab6/lab6_5/target/test-classes:/home/miguel/Secretária/3_ano/2_semestre/TQS/TQS_108481/lab6/lab6_5/target/classes:/home/miguel/.m2/repository/org/springframework/boot/spring-boot-starter-web/3.1.5/spring-boot-starter-web-3.1.5.jar:/home/miguel/.m2/repository/org/springframework/boot/spring-boot-starter/3.1.5/spring-boot-starter-3.1.5.jar:/home/miguel/.m2/repository/org/springframework/boot/spring-boot/3.1.5/spring-boot-3.1.5.jar:/home/miguel/.m2/repository/org/springframework/boot/spring-boot-autoconfigure/3.1.5/spring-boot-autoconfigure-3.1.5.jar:/home/miguel/.m2/repository/org/springframework/boot/spring-boot-starter-logging/3.1.5/spring-boot-starter-logging-3.1.5.jar:/home/miguel/.m2/repository/ch/qos/logback/logback-classic/1.4.11/logback-classic-1.4.11.jar:/home/miguel/.m2/repository/ch/qos/logback/logback-core/1.4.11/logback-core-1.4.11.jar:/home/miguel/.m2/repository/org/apache/logging/log4j/log4j-to-slf4j/2.20.0/log4j-to-slf4j-2.20.0.jar:/home/miguel/.m2/repository/org/apache/logging/log4j/log4j-api/2.20.0/log4j-api-2.20.0.jar:/home/miguel/.m2/repository/org/slf4j/jul-to-slf4j/2.0.9/jul-to-slf4j-2.0.9.jar:/home/miguel/.m2/repository/jakarta/annotation/jakarta.annotation-api/2.1.1/jakarta.annotation-api-2.1.1.jar:/home/miguel/.m2/repository/org/yaml/snakeyaml/1.33/snakeyaml-1.33.jar:/home/miguel/.m2/repository/org/springframework/boot/spring-boot-starter-json/3.1.5/spring-boot-starter-json-3.1.5.jar:/home/miguel/.m2/repository/com/fasterxml/jackson/core/jackson-databind/2.15.3/jackson-databind-2.15.3.jar:/home/miguel/.m2/repository/com/fasterxml/jackson/core/jackson-annotations/2.15.3/jackson-annotations-2.15.3.jar:/home/miguel/.m2/repository/com/fasterxml/jackson/datatype/jackson-datatype-jdk8/2.15.3/jackson-datatype-jdk8-2.15.3.jar:/home/miguel/.m2/repository/com/fasterxml/jackson/datatype/jackson-datatype-jsr310/2.15.3/jackson-datatype-jsr310-2.15.3.jar:/home/miguel/.m2/repository/com/fasterxml/jackson/module/jackson-module-parameter-names/2.15.3/jackson-module-parameter-names-2.15.3.jar:/home/miguel/.m2/repository/org/springframework/boot/spring-boot-starter-tomcat/3.1.5/spring-boot-starter-tomcat-3.1.5.jar:/home/miguel/.m2/repository/org/apache/tomcat/embed/tomcat-embed-core/10.1.15/tomcat-embed-core-10.1.15.jar:/home/miguel/.m2/repository/org/apache/tomcat/embed/tomcat-embed-el/10.1.15/tomcat-embed-el-10.1.15.jar:/home/miguel/.m2/repository/org/apache/tomcat/embed/tomcat-embed-websocket/10.1.15/tomcat-embed-websocket-10.1.15.jar:/home/miguel/.m2/repository/org/springframework/spring-web/6.0.13/spring-web-6.0.13.jar:/home/miguel/.m2/repository/org/springframework/spring-beans/6.0.13/spring-beans-6.0.13.jar:/home/miguel/.m2/repository/io/micrometer/micrometer-observation/1.11.5/micrometer-observation-1.11.5.jar:/home/miguel/.m2/repository/io/micrometer/micrometer-commons/1.11.5/micrometer-commons-1.11.5.jar:/home/miguel/.m2/repository/org/springframework/spring-webmvc/6.0.13/spring-webmvc-6.0.13.jar:/home/miguel/.m2/repository/org/springframework/spring-aop/6.0.13/spring-aop-6.0.13.jar:/home/miguel/.m2/repository/org/springframework/spring-context/6.0.13/spring-context-6.0.13.jar:/home/miguel/.m2/repository/org/springframework/spring-expression/6.0.13/spring-expression-6.0.13.jar:/home/miguel/.m2/repository/org/springframework/boot/spring-boot-starter-data-jpa/3.1.5/spring-boot-starter-data-jpa-3.1.5.jar:/home/miguel/.m2/repository/org/springframework/boot/spring-boot-starter-aop/3.1.5/spring-boot-starter-aop-3.1.5.jar:/home/miguel/.m2/repository/org/aspectj/aspectjweaver/1.9.20/aspectjweaver-1.9.20.jar:/home/miguel/.m2/repository/org/springframework/boot/spring-boot-starter-jdbc/3.1.5/spring-boot-starter-jdbc-3.1.5.jar:/home/miguel/.m2/repository/com/zaxxer/HikariCP/5.0.1/HikariCP-5.0.1.jar:/home/miguel/.m2/repository/org/springframework/spring-jdbc/6.0.13/spring-jdbc-6.0.13.jar:/home/miguel/.m2/repository/org/hibernate/orm/hibernate-core/6.2.13.Final/hibernate-core-6.2.13.Final.jar:/home/miguel/.m2/repository/jakarta/persistence/jakarta.persistence-api/3.1.0/jakarta.persistence-api-3.1.0.jar:/home/miguel/.m2/repository/jakarta/transaction/jakarta.transaction-api/2.0.1/jakarta.transaction-api-2.0.1.jar:/home/miguel/.m2/repository/org/jboss/logging/jboss-logging/3.5.3.Final/jboss-logging-3.5.3.Final.jar:/home/miguel/.m2/repository/org/hibernate/common/hibernate-commons-annotations/6.0.6.Final/hibernate-commons-annotations-6.0.6.Final.jar:/home/miguel/.m2/repository/io/smallrye/jandex/3.0.5/jandex-3.0.5.jar:/home/miguel/.m2/repository/com/fasterxml/classmate/1.5.1/classmate-1.5.1.jar:/home/miguel/.m2/repository/net/bytebuddy/byte-buddy/1.14.9/byte-buddy-1.14.9.jar:/home/miguel/.m2/repository/org/glassfish/jaxb/jaxb-runtime/4.0.3/jaxb-runtime-4.0.3.jar:/home/miguel/.m2/repository/org/glassfish/jaxb/jaxb-core/4.0.3/jaxb-core-4.0.3.jar:/home/miguel/.m2/repository/org/eclipse/angus/angus-activation/2.0.1/angus-activation-2.0.1.jar:/home/miguel/.m2/repository/org/glassfish/jaxb/txw2/4.0.3/txw2-4.0.3.jar:/home/miguel/.m2/repository/com/sun/istack/istack-commons-runtime/4.1.2/istack-commons-runtime-4.1.2.jar:/home/miguel/.m2/repository/jakarta/inject/jakarta.inject-api/2.0.1/jakarta.inject-api-2.0.1.jar:/home/miguel/.m2/repository/org/antlr/antlr4-runtime/4.10.1/antlr4-runtime-4.10.1.jar:/home/miguel/.m2/repository/org/springframework/data/spring-data-jpa/3.1.5/spring-data-jpa-3.1.5.jar:/home/miguel/.m2/repository/org/springframework/data/spring-data-commons/3.1.5/spring-data-commons-3.1.5.jar:/home/miguel/.m2/repository/org/springframework/spring-orm/6.0.13/spring-orm-6.0.13.jar:/home/miguel/.m2/repository/org/springframework/spring-tx/6.0.13/spring-tx-6.0.13.jar:/home/miguel/.m2/repository/org/slf4j/slf4j-api/2.0.9/slf4j-api-2.0.9.jar:/home/miguel/.m2/repository/org/springframework/spring-aspects/6.0.13/spring-aspects-6.0.13.jar:/home/miguel/.m2/repository/org/postgresql/postgresql/42.6.0/postgresql-42.6.0.jar:/home/miguel/.m2/repository/org/checkerframework/checker-qual/3.31.0/checker-qual-3.31.0.jar:/home/miguel/.m2/repository/org/flywaydb/flyway-core/9.16.3/flyway-core-9.16.3.jar:/home/miguel/.m2/repository/com/fasterxml/jackson/dataformat/jackson-dataformat-toml/2.15.3/jackson-dataformat-toml-2.15.3.jar:/home/miguel/.m2/repository/com/fasterxml/jackson/core/jackson-core/2.15.3/jackson-core-2.15.3.jar:/home/miguel/.m2/repository/org/apache/commons/commons-text/1.10.0/commons-text-1.10.0.jar:/home/miguel/.m2/repository/org/apache/commons/commons-lang3/3.12.0/commons-lang3-3.12.0.jar:/home/miguel/.m2/repository/io/rest-assured/rest-assured/5.3.2/rest-assured-5.3.2.jar:/home/miguel/.m2/repository/org/apache/groovy/groovy/4.0.15/groovy-4.0.15.jar:/home/miguel/.m2/repository/org/apache/groovy/groovy-xml/4.0.15/groovy-xml-4.0.15.jar:/home/miguel/.m2/repository/org/apache/httpcomponents/httpclient/4.5.13/httpclient-4.5.13.jar:/home/miguel/.m2/repository/org/apache/httpcomponents/httpcore/4.4.16/httpcore-4.4.16.jar:/home/miguel/.m2/repository/commons-logging/commons-logging/1.2/commons-logging-1.2.jar:/home/miguel/.m2/repository/commons-codec/commons-codec/1.15/commons-codec-1.15.jar:/home/miguel/.m2/repository/org/apache/httpcomponents/httpmime/4.5.13/httpmime-4.5.13.jar:/home/miguel/.m2/repository/org/hamcrest/hamcrest/2.2/hamcrest-2.2.jar:/home/miguel/.m2/repository/org/ccil/cowan/tagsoup/tagsoup/1.2.1/tagsoup-1.2.1.jar:/home/miguel/.m2/repository/io/rest-assured/json-path/5.3.2/json-path-5.3.2.jar:/home/miguel/.m2/repository/org/apache/groovy/groovy-json/4.0.15/groovy-json-4.0.15.jar:/home/miguel/.m2/repository/io/rest-assured/rest-assured-common/5.3.2/rest-assured-common-5.3.2.jar:/home/miguel/.m2/repository/io/rest-assured/xml-path/5.3.2/xml-path-5.3.2.jar:/home/miguel/.m2/repository/org/springframework/boot/spring-boot-starter-test/3.1.5/spring-boot-starter-test-3.1.5.jar:/home/miguel/.m2/repository/org/springframework/boot/spring-boot-test/3.1.5/spring-boot-test-3.1.5.jar:/home/miguel/.m2/repository/org/springframework/boot/spring-boot-test-autoconfigure/3.1.5/spring-boot-test-autoconfigure-3.1.5.jar:/home/miguel/.m2/repository/com/jayway/jsonpath/json-path/2.8.0/json-path-2.8.0.jar:/home/miguel/.m2/repository/jakarta/xml/bind/jakarta.xml.bind-api/4.0.1/jakarta.xml.bind-api-4.0.1.jar:/home/miguel/.m2/repository/jakarta/activation/jakarta.activation-api/2.1.2/jakarta.activation-api-2.1.2.jar:/home/miguel/.m2/repository/net/minidev/json-smart/2.4.11/json-smart-2.4.11.jar:/home/miguel/.m2/repository/net/minidev/accessors-smart/2.4.11/accessors-smart-2.4.11.jar:/home/miguel/.m2/repository/org/ow2/asm/asm/9.3/asm-9.3.jar:/home/miguel/.m2/repository/org/assertj/assertj-core/3.24.2/assertj-core-3.24.2.jar:/home/miguel/.m2/repository/org/junit/jupiter/junit-jupiter/5.9.3/junit-jupiter-5.9.3.jar:/home/miguel/.m2/repository/org/junit/jupiter/junit-jupiter-api/5.9.3/junit-jupiter-api-5.9.3.jar:/home/miguel/.m2/repository/org/opentest4j/opentest4j/1.2.0/opentest4j-1.2.0.jar:/home/miguel/.m2/repository/org/junit/platform/junit-platform-commons/1.9.3/junit-platform-commons-1.9.3.jar:/home/miguel/.m2/repository/org/apiguardian/apiguardian-api/1.1.2/apiguardian-api-1.1.2.jar:/home/miguel/.m2/repository/org/junit/jupiter/junit-jupiter-params/5.9.3/junit-jupiter-params-5.9.3.jar:/home/miguel/.m2/repository/org/junit/jupiter/junit-jupiter-engine/5.9.3/junit-jupiter-engine-5.9.3.jar:/home/miguel/.m2/repository/org/junit/platform/junit-platform-engine/1.9.3/junit-platform-engine-1.9.3.jar:/home/miguel/.m2/repository/org/mockito/mockito-core/5.3.1/mockito-core-5.3.1.jar:/home/miguel/.m2/repository/net/bytebuddy/byte-buddy-agent/1.14.9/byte-buddy-agent-1.14.9.jar:/home/miguel/.m2/repository/org/objenesis/objenesis/3.3/objenesis-3.3.jar:/home/miguel/.m2/repository/org/mockito/mockito-junit-jupiter/5.3.1/mockito-junit-jupiter-5.3.1.jar:/home/miguel/.m2/repository/org/skyscreamer/jsonassert/1.5.1/jsonassert-1.5.1.jar:/home/miguel/.m2/repository/com/vaadin/external/google/android-json/0.0.20131108.vaadin1/android-json-0.0.20131108.vaadin1.jar:/home/miguel/.m2/repository/org/springframework/spring-core/6.0.13/spring-core-6.0.13.jar:/home/miguel/.m2/repository/org/springframework/spring-jcl/6.0.13/spring-jcl-6.0.13.jar:/home/miguel/.m2/repository/org/springframework/spring-test/6.0.13/spring-test-6.0.13.jar:/home/miguel/.m2/repository/org/xmlunit/xmlunit-core/2.9.1/xmlunit-core-2.9.1.jar:/home/miguel/.m2/repository/org/testcontainers/postgresql/1.19.3/postgresql-1.19.3.jar:/home/miguel/.m2/repository/org/testcontainers/jdbc/1.18.3/jdbc-1.18.3.jar:/home/miguel/.m2/repository/org/testcontainers/database-commons/1.18.3/database-commons-1.18.3.jar:/home/miguel/.m2/repository/org/testcontainers/junit-jupiter/1.19.3/junit-jupiter-1.19.3.jar:/home/miguel/.m2/repository/org/testcontainers/testcontainers/1.18.3/testcontainers-1.18.3.jar:/home/miguel/.m2/repository/junit/junit/4.13.2/junit-4.13.2.jar:/home/miguel/.m2/repository/org/hamcrest/hamcrest-core/2.2/hamcrest-core-2.2.jar:/home/miguel/.m2/repository/org/apache/commons/commons-compress/1.23.0/commons-compress-1.23.0.jar:/home/miguel/.m2/repository/org/rnorth/duct-tape/duct-tape/1.0.8/duct-tape-1.0.8.jar:/home/miguel/.m2/repository/org/jetbrains/annotations/17.0.0/annotations-17.0.0.jar:/home/miguel/.m2/repository/com/github/docker-java/docker-java-api/3.3.0/docker-java-api-3.3.0.jar:/home/miguel/.m2/repository/com/github/docker-java/docker-java-transport-zerodep/3.3.0/docker-java-transport-zerodep-3.3.0.jar:/home/miguel/.m2/repository/com/github/docker-java/docker-java-transport/3.3.0/docker-java-transport-3.3.0.jar:/home/miguel/.m2/repository/net/java/dev/jna/jna/5.12.1/jna-5.12.1.jar:"/>
    <property name="java.vm.vendor" value="Ubuntu"/>
    <property name="sun.arch.data.model" value="64"/>
    <property name="catalina.useNaming" value="false"/>
    <property name="java.vendor.url" value="https://ubuntu.com/"/>
    <property name="user.timezone" value="Europe/Lisbon"/>
    <property name="org.jboss.logging.provider" value="slf4j"/>
    <property name="os.name" value="Linux"/>
    <property name="java.vm.specification.version" value="21"/>
    <property name="sun.java.launcher" value="SUN_STANDARD"/>
    <property name="user.country" value="PT"/>
    <property name="sun.boot.library.path" value="/usr/lib/jvm/java-21-openjdk-amd64/lib"/>
    <property name="sun.java.command" value="/home/miguel/Secretária/3_ano/2_semestre/TQS/TQS_108481/lab6/lab6_5/target/surefire/surefirebooter-20250324013222346_3.jar /home/miguel/Secretária/3_ano/2_semestre/TQS/TQS_108481/lab6/lab6_5/target/surefire 2025-03-24T01-32-22_273-jvmRun1 surefire-20250324013222346_1tmp surefire_0-20250324013222346_2tmp"/>
    <property name="jdk.debug" value="release"/>
    <property name="surefire.test.class.path" value="/home/miguel/Secretária/3_ano/2_semestre/TQS/TQS_108481/lab6/lab6_5/target/test-classes:/home/miguel/Secretária/3_ano/2_semestre/TQS/TQS_108481/lab6/lab6_5/target/classes:/home/miguel/.m2/repository/org/springframework/boot/spring-boot-starter-web/3.1.5/spring-boot-starter-web-3.1.5.jar:/home/miguel/.m2/repository/org/springframework/boot/spring-boot-starter/3.1.5/spring-boot-starter-3.1.5.jar:/home/miguel/.m2/repository/org/springframework/boot/spring-boot/3.1.5/spring-boot-3.1.5.jar:/home/miguel/.m2/repository/org/springframework/boot/spring-boot-autoconfigure/3.1.5/spring-boot-autoconfigure-3.1.5.jar:/home/miguel/.m2/repository/org/springframework/boot/spring-boot-starter-logging/3.1.5/spring-boot-starter-logging-3.1.5.jar:/home/miguel/.m2/repository/ch/qos/logback/logback-classic/1.4.11/logback-classic-1.4.11.jar:/home/miguel/.m2/repository/ch/qos/logback/logback-core/1.4.11/logback-core-1.4.11.jar:/home/miguel/.m2/repository/org/apache/logging/log4j/log4j-to-slf4j/2.20.0/log4j-to-slf4j-2.20.0.jar:/home/miguel/.m2/repository/org/apache/logging/log4j/log4j-api/2.20.0/log4j-api-2.20.0.jar:/home/miguel/.m2/repository/org/slf4j/jul-to-slf4j/2.0.9/jul-to-slf4j-2.0.9.jar:/home/miguel/.m2/repository/jakarta/annotation/jakarta.annotation-api/2.1.1/jakarta.annotation-api-2.1.1.jar:/home/miguel/.m2/repository/org/yaml/snakeyaml/1.33/snakeyaml-1.33.jar:/home/miguel/.m2/repository/org/springframework/boot/spring-boot-starter-json/3.1.5/spring-boot-starter-json-3.1.5.jar:/home/miguel/.m2/repository/com/fasterxml/jackson/core/jackson-databind/2.15.3/jackson-databind-2.15.3.jar:/home/miguel/.m2/repository/com/fasterxml/jackson/core/jackson-annotations/2.15.3/jackson-annotations-2.15.3.jar:/home/miguel/.m2/repository/com/fasterxml/jackson/datatype/jackson-datatype-jdk8/2.15.3/jackson-datatype-jdk8-2.15.3.jar:/home/miguel/.m2/repository/com/fasterxml/jackson/datatype/jackson-datatype-jsr310/2.15.3/jackson-datatype-jsr310-2.15.3.jar:/home/miguel/.m2/repository/com/fasterxml/jackson/module/jackson-module-parameter-names/2.15.3/jackson-module-parameter-names-2.15.3.jar:/home/miguel/.m2/repository/org/springframework/boot/spring-boot-starter-tomcat/3.1.5/spring-boot-starter-tomcat-3.1.5.jar:/home/miguel/.m2/repository/org/apache/tomcat/embed/tomcat-embed-core/10.1.15/tomcat-embed-core-10.1.15.jar:/home/miguel/.m2/repository/org/apache/tomcat/embed/tomcat-embed-el/10.1.15/tomcat-embed-el-10.1.15.jar:/home/miguel/.m2/repository/org/apache/tomcat/embed/tomcat-embed-websocket/10.1.15/tomcat-embed-websocket-10.1.15.jar:/home/miguel/.m2/repository/org/springframework/spring-web/6.0.13/spring-web-6.0.13.jar:/home/miguel/.m2/repository/org/springframework/spring-beans/6.0.13/spring-beans-6.0.13.jar:/home/miguel/.m2/repository/io/micrometer/micrometer-observation/1.11.5/micrometer-observation-1.11.5.jar:/home/miguel/.m2/repository/io/micrometer/micrometer-commons/1.11.5/micrometer-commons-1.11.5.jar:/home/miguel/.m2/repository/org/springframework/spring-webmvc/6.0.13/spring-webmvc-6.0.13.jar:/home/miguel/.m2/repository/org/springframework/spring-aop/6.0.13/spring-aop-6.0.13.jar:/home/miguel/.m2/repository/org/springframework/spring-context/6.0.13/spring-context-6.0.13.jar:/home/miguel/.m2/repository/org/springframework/spring-expression/6.0.13/spring-expression-6.0.13.jar:/home/miguel/.m2/repository/org/springframework/boot/spring-boot-starter-data-jpa/3.1.5/spring-boot-starter-data-jpa-3.1.5.jar:/home/miguel/.m2/repository/org/springframework/boot/spring-boot-starter-aop/3.1.5/spring-boot-starter-aop-3.1.5.jar:/home/miguel/.m2/repository/org/aspectj/aspectjweaver/1.9.20/aspectjweaver-1.9.20.jar:/home/miguel/.m2/repository/org/springframework/boot/spring-boot-starter-jdbc/3.1.5/spring-boot-starter-jdbc-3.1.5.jar:/home/miguel/.m2/repository/com/zaxxer/HikariCP/5.0.1/HikariCP-5.0.1.jar:/home/miguel/.m2/repository/org/springframework/spring-jdbc/6.0.13/spring-jdbc-6.0.13.jar:/home/miguel/.m2/repository/org/hibernate/orm/hibernate-core/6.2.13.Final/hibernate-core-6.2.13.Final.jar:/home/miguel/.m2/repository/jakarta/persistence/jakarta.persistence-api/3.1.0/jakarta.persistence-api-3.1.0.jar:/home/miguel/.m2/repository/jakarta/transaction/jakarta.transaction-api/2.0.1/jakarta.transaction-api-2.0.1.jar:/home/miguel/.m2/repository/org/jboss/logging/jboss-logging/3.5.3.Final/jboss-logging-3.5.3.Final.jar:/home/miguel/.m2/repository/org/hibernate/common/hibernate-commons-annotations/6.0.6.Final/hibernate-commons-annotations-6.0.6.Final.jar:/home/miguel/.m2/repository/io/smallrye/jandex/3.0.5/jandex-3.0.5.jar:/home/miguel/.m2/repository/com/fasterxml/classmate/1.5.1/classmate-1.5.1.jar:/home/miguel/.m2/repository/net/bytebuddy/byte-buddy/1.14.9/byte-buddy-1.14.9.jar:/home/miguel/.m2/repository/org/glassfish/jaxb/jaxb-runtime/4.0.3/jaxb-runtime-4.0.3.jar:/home/miguel/.m2/repository/org/glassfish/jaxb/jaxb-core/4.0.3/jaxb-core-4.0.3.jar:/home/miguel/.m2/repository/org/eclipse/angus/angus-activation/2.0.1/angus-activation-2.0.1.jar:/home/miguel/.m2/repository/org/glassfish/jaxb/txw2/4.0.3/txw2-4.0.3.jar:/home/miguel/.m2/repository/com/sun/istack/istack-commons-runtime/4.1.2/istack-commons-runtime-4.1.2.jar:/home/miguel/.m2/repository/jakarta/inject/jakarta.inject-api/2.0.1/jakarta.inject-api-2.0.1.jar:/home/miguel/.m2/repository/org/antlr/antlr4-runtime/4.10.1/antlr4-runtime-4.10.1.jar:/home/miguel/.m2/repository/org/springframework/data/spring-data-jpa/3.1.5/spring-data-jpa-3.1.5.jar:/home/miguel/.m2/repository/org/springframework/data/spring-data-commons/3.1.5/spring-data-commons-3.1.5.jar:/home/miguel/.m2/repository/org/springframework/spring-orm/6.0.13/spring-orm-6.0.13.jar:/home/miguel/.m2/repository/org/springframework/spring-tx/6.0.13/spring-tx-6.0.13.jar:/home/miguel/.m2/repository/org/slf4j/slf4j-api/2.0.9/slf4j-api-2.0.9.jar:/home/miguel/.m2/repository/org/springframework/spring-aspects/6.0.13/spring-aspects-6.0.13.jar:/home/miguel/.m2/repository/org/postgresql/postgresql/42.6.0/postgresql-42.6.0.jar:/home/miguel/.m2/repository/org/checkerframework/checker-qual/3.31.0/checker-qual-3.31.0.jar:/home/miguel/.m2/repository/org/flywaydb/flyway-core/9.16.3/flyway-core-9.16.3.jar:/home/miguel/.m2/repository/com/fasterxml/jackson/dataformat/jackson-dataformat-toml/2.15.3/jackson-dataformat-toml-2.15.3.jar:/home/miguel/.m2/repository/com/fasterxml/jackson/core/jackson-core/2.15.3/jackson-core-2.15.3.jar:/home/miguel/.m2/repository/org/apache/commons/commons-text/1.10.0/commons-text-1.10.0.jar:/home/miguel/.m2/repository/org/apache/commons/commons-lang3/3.12.0/commons-lang3-3.12.0.jar:/home/miguel/.m2/repository/io/rest-assured/rest-assured/5.3.2/rest-assured-5.3.2.jar:/home/miguel/.m2/repository/org/apache/groovy/groovy/4.0.15/groovy-4.0.15.jar:/home/miguel/.m2/repository/org/apache/groovy/groovy-xml/4.0.15/groovy-xml-4.0.15.jar:/home/miguel/.m2/repository/org/apache/httpcomponents/httpclient/4.5.13/httpclient-4.5.13.jar:/home/miguel/.m2/repository/org/apache/httpcomponents/httpcore/4.4.16/httpcore-4.4.16.jar:/home/miguel/.m2/repository/commons-logging/commons-logging/1.2/commons-logging-1.2.jar:/home/miguel/.m2/repository/commons-codec/commons-codec/1.15/commons-codec-1.15.jar:/home/miguel/.m2/repository/org/apache/httpcomponents/httpmime/4.5.13/httpmime-4.5.13.jar:/home/miguel/.m2/repository/org/hamcrest/hamcrest/2.2/hamcrest-2.2.jar:/home/miguel/.m2/repository/org/ccil/cowan/tagsoup/tagsoup/1.2.1/tagsoup-1.2.1.jar:/home/miguel/.m2/repository/io/rest-assured/json-path/5.3.2/json-path-5.3.2.jar:/home/miguel/.m2/repository/org/apache/groovy/groovy-json/4.0.15/groovy-json-4.0.15.jar:/home/miguel/.m2/repository/io/rest-assured/rest-assured-common/5.3.2/rest-assured-common-5.3.2.jar:/home/miguel/.m2/repository/io/rest-assured/xml-path/5.3.2/xml-path-5.3.2.jar:/home/miguel/.m2/repository/org/springframework/boot/spring-boot-starter-test/3.1.5/spring-boot-starter-test-3.1.5.jar:/home/miguel/.m2/repository/org/springframework/boot/spring-boot-test/3.1.5/spring-boot-test-3.1.5.jar:/home/miguel/.m2/repository/org/springframework/boot/spring-boot-test-autoconfigure/3.1.5/spring-boot-test-autoconfigure-3.1.5.jar:/home/miguel/.m2/repository/com/jayway/jsonpath/json-path/2.8.0/json-path-2.8.0.jar:/home/miguel/.m2/repository/jakarta/xml/bind/jakarta.xml.bind-api/4.0.1/jakarta.xml.bind-api-4.0.1.jar:/home/miguel/.m2/repository/jakarta/activation/jakarta.activation-api/2.1.2/jakarta.activation-api-2.1.2.jar:/home/miguel/.m2/repository/net/minidev/json-smart/2.4.11/json-smart-2.4.11.jar:/home/miguel/.m2/repository/net/minidev/accessors-smart/2.4.11/accessors-smart-2.4.11.jar:/home/miguel/.m2/repository/org/ow2/asm/asm/9.3/asm-9.3.jar:/home/miguel/.m2/repository/org/assertj/assertj-core/3.24.2/assertj-core-3.24.2.jar:/home/miguel/.m2/repository/org/junit/jupiter/junit-jupiter/5.9.3/junit-jupiter-5.9.3.jar:/home/miguel/.m2/repository/org/junit/jupiter/junit-jupiter-api/5.9.3/junit-jupiter-api-5.9.3.jar:/home/miguel/.m2/repository/org/opentest4j/opentest4j/1.2.0/opentest4j-1.2.0.jar:/home/miguel/.m2/repository/org/junit/platform/junit-platform-commons/1.9.3/junit-platform-commons-1.9.3.jar:/home/miguel/.m2/repository/org/apiguardian/apiguardian-api/1.1.2/apiguardian-api-1.1.2.jar:/home/miguel/.m2/repository/org/junit/jupiter/junit-jupiter-params/5.9.3/junit-jupiter-params-5.9.3.jar:/home/miguel/.m2/repository/org/junit/jupiter/junit-jupiter-engine/5.9.3/junit-jupiter-engine-5.9.3.jar:/home/miguel/.m2/repository/org/junit/platform/junit-platform-engine/1.9.3/junit-platform-engine-1.9.3.jar:/home/miguel/.m2/repository/org/mockito/mockito-core/5.3.1/mockito-core-5.3.1.jar:/home/miguel/.m2/repository/net/bytebuddy/byte-buddy-agent/1.14.9/byte-buddy-agent-1.14.9.jar:/home/miguel/.m2/repository/org/objenesis/objenesis/3.3/objenesis-3.3.jar:/home/miguel/.m2/repository/org/mockito/mockito-junit-jupiter/5.3.1/mockito-junit-jupiter-5.3.1.jar:/home/miguel/.m2/repository/org/skyscreamer/jsonassert/1.5.1/jsonassert-1.5.1.jar:/home/miguel/.m2/repository/com/vaadin/external/google/android-json/0.0.20131108.vaadin1/android-json-0.0.20131108.vaadin1.jar:/home/miguel/.m2/repository/org/springframework/spring-core/6.0.13/spring-core-6.0.13.jar:/home/miguel/.m2/repository/org/springframework/spring-jcl/6.0.13/spring-jcl-6.0.13.jar:/home/miguel/.m2/repository/org/springframework/spring-test/6.0.13/spring-test-6.0.13.jar:/home/miguel/.m2/repository/org/xmlunit/xmlunit-core/2.9.1/xmlunit-core-2.9.1.jar:/home/miguel/.m2/repository/org/testcontainers/postgresql/1.19.3/postgresql-1.19.3.jar:/home/miguel/.m2/repository/org/testcontainers/jdbc/1.18.3/jdbc-1.18.3.jar:/home/miguel/.m2/repository/org/testcontainers/database-commons/1.18.3/database-commons-1.18.3.jar:/home/miguel/.m2/repository/org/testcontainers/junit-jupiter/1.19.3/junit-jupiter-1.19.3.jar:/home/miguel/.m2/repository/org/testcontainers/testcontainers/1.18.3/testcontainers-1.18.3.jar:/home/miguel/.m2/repository/junit/junit/4.13.2/junit-4.13.2.jar:/home/miguel/.m2/repository/org/hamcrest/hamcrest-core/2.2/hamcrest-core-2.2.jar:/home/miguel/.m2/repository/org/apache/commons/commons-compress/1.23.0/commons-compress-1.23.0.jar:/home/miguel/.m2/repository/org/rnorth/duct-tape/duct-tape/1.0.8/duct-tape-1.0.8.jar:/home/miguel/.m2/repository/org/jetbrains/annotations/17.0.0/annotations-17.0.0.jar:/home/miguel/.m2/repository/com/github/docker-java/docker-java-api/3.3.0/docker-java-api-3.3.0.jar:/home/miguel/.m2/repository/com/github/docker-java/docker-java-transport-zerodep/3.3.0/docker-java-transport-zerodep-3.3.0.jar:/home/miguel/.m2/repository/com/github/docker-java/docker-java-transport/3.3.0/docker-java-transport-3.3.0.jar:/home/miguel/.m2/repository/net/java/dev/jna/jna/5.12.1/jna-5.12.1.jar:"/>
    <property name="sun.cpu.endian" value="little"/>
    <property name="user.home" value="/home/miguel"/>
    <property name="user.language" value="pt"/>
    <property name="java.specification.vendor" value="Oracle Corporation"/>
    <property name="java.version.date" value="2025-01-21"/>
    <property name="java.home" value="/usr/lib/jvm/java-21-openjdk-amd64"/>
    <property name="file.separator" value="/"/>
    <property name="basedir" value="/home/miguel/Secretária/3_ano/2_semestre/TQS/TQS_108481/lab6/lab6_5"/>
    <property name="java.vm.compressedOopsMode" value="Zero based"/>
    <property name="line.separator" value="&#10;"/>
    <property name="java.vm.specification.vendor" value="Oracle Corporation"/>
    <property name="java.specification.name" value="Java Platform API Specification"/>
    <property name="FILE_LOG_CHARSET" value="UTF-8"/>
    <property name="java.awt.headless" value="true"/>
    <property name="surefire.real.class.path" value="/home/miguel/Secretária/3_ano/2_semestre/TQS/TQS_108481/lab6/lab6_5/target/surefire/surefirebooter-20250324013222346_3.jar"/>
    <property name="sun.management.compiler" value="HotSpot 64-Bit Tiered Compilers"/>
    <property name="java.runtime.version" value="21.0.6+7-Ubuntu-124.04.1"/>
    <property name="user.name" value="miguel"/>
    <property name="stdout.encoding" value="UTF-8"/>
    <property name="path.separator" value=":"/>
    <property name="os.version" value="6.11.0-19-generic"/>
    <property name="java.runtime.name" value="OpenJDK Runtime Environment"/>
    <property name="file.encoding" value="UTF-8"/>
    <property name="java.vm.name" value="OpenJDK 64-Bit Server VM"/>
    <property name="localRepository" value="/home/miguel/.m2/repository"/>
    <property name="java.vendor.url.bug" value="https://bugs.launchpad.net/ubuntu/+source/openjdk-21"/>
    <property name="java.io.tmpdir" value="/tmp"/>
    <property name="catalina.home" value="/tmp/tomcat.0.18045749547301834659"/>
    <property name="com.zaxxer.hikari.pool_number" value="1"/>
    <property name="java.version" value="21.0.6"/>
    <property name="user.dir" value="/home/miguel/Secretária/3_ano/2_semestre/TQS/TQS_108481/lab6/lab6_5"/>
    <property name="os.arch" value="amd64"/>
    <property name="java.vm.specification.name" value="Java Virtual Machine Specification"/>
    <property name="PID" value="84069"/>
    <property name="CONSOLE_LOG_CHARSET" value="UTF-8"/>
    <property name="catalina.base" value="/tmp/tomcat.0.18045749547301834659"/>
    <property name="native.encoding" value="UTF-8"/>
    <property name="java.library.path" value="/usr/java/packages/lib:/usr/lib/x86_64-linux-gnu/jni:/lib/x86_64-linux-gnu:/usr/lib/x86_64-linux-gnu:/usr/lib/jni:/lib:/usr/lib"/>
    <property name="java.vm.info" value="mixed mode, sharing"/>
    <property name="stderr.encoding" value="UTF-8"/>
    <property name="java.vendor" value="Ubuntu"/>
    <property name="java.vm.version" value="21.0.6+7-Ubuntu-124.04.1"/>
    <property name="sun.io.unicode.encoding" value="UnicodeLittle"/>
    <property name="java.class.version" value="65.0"/>
  </properties>
  <testcase name="testGetAllCars" classname="com.example.lab6_5.CarIntegrationTest" time="1.971">
    <system-out><![CDATA[Standard Commons Logging discovery in action with spring-jcl: please remove commons-logging.jar from classpath in order to avoid potential conflicts
01:32:23.026 [main] INFO org.springframework.test.context.support.AnnotationConfigContextLoaderUtils -- Could not detect default configuration classes for test class [com.example.lab6_5.CarIntegrationTest]: CarIntegrationTest does not declare any static, non-private, non-final, nested classes annotated with @Configuration.
01:32:23.110 [main] INFO org.springframework.boot.test.context.SpringBootTestContextBootstrapper -- Found @SpringBootConfiguration com.example.lab6_5.Lab6_5Application for test class com.example.lab6_5.CarIntegrationTest
01:32:23.223 [main] INFO org.testcontainers.utility.ImageNameSubstitutor -- Image name substitution will be performed by: DefaultImageNameSubstitutor (composite of 'ConfigurationFileImageNameSubstitutor' and 'PrefixingImageNameSubstitutor')
01:32:23.359 [main] INFO org.testcontainers.dockerclient.DockerClientProviderStrategy -- Loaded org.testcontainers.dockerclient.UnixSocketClientProviderStrategy from ~/.testcontainers.properties, will try it first
01:32:23.653 [main] INFO org.testcontainers.dockerclient.DockerClientProviderStrategy -- Found Docker environment with local Unix socket (unix:///var/run/docker.sock)
01:32:23.654 [main] INFO org.testcontainers.DockerClientFactory -- Docker host IP address is localhost
01:32:23.671 [main] INFO org.testcontainers.DockerClientFactory -- Connected to docker: 
  Server Version: 28.0.2
  API Version: 1.48
  Operating System: Ubuntu 24.04.2 LTS
  Total Memory: 15712 MB
01:32:23.710 [main] INFO tc.testcontainers/ryuk:0.5.1 -- Pulling docker image: testcontainers/ryuk:0.5.1. Please be patient; this may take some time but only needs to be done once.
01:32:23.713 [main] INFO org.testcontainers.utility.RegistryAuthLocator -- Failure when attempting to lookup auth config. Please ignore if you don't have images in an authenticated registry. Details: (dockerImageName: testcontainers/ryuk:latest, configFile: /home/miguel/.docker/config.json, configEnv: DOCKER_AUTH_CONFIG). Falling back to docker-java default behaviour. Exception message: Status 404: No config supplied. Checked in order: /home/miguel/.docker/config.json (file not found), DOCKER_AUTH_CONFIG (not set)
01:32:25.435 [docker-java-stream--1761815518] INFO tc.testcontainers/ryuk:0.5.1 -- Starting to pull image
01:32:25.456 [docker-java-stream--1761815518] INFO tc.testcontainers/ryuk:0.5.1 -- Pulling image layers:  0 pending,  0 downloaded,  0 extracted, (0 bytes/0 bytes)
01:32:26.611 [docker-java-stream--1761815518] INFO tc.testcontainers/ryuk:0.5.1 -- Pulling image layers:  2 pending,  1 downloaded,  0 extracted, (1 MB/? MB)
01:32:26.685 [docker-java-stream--1761815518] INFO tc.testcontainers/ryuk:0.5.1 -- Pulling image layers:  1 pending,  2 downloaded,  0 extracted, (1 MB/? MB)
01:32:26.799 [docker-java-stream--1761815518] INFO tc.testcontainers/ryuk:0.5.1 -- Pulling image layers:  0 pending,  3 downloaded,  0 extracted, (2 MB/5 MB)
01:32:26.889 [docker-java-stream--1761815518] INFO tc.testcontainers/ryuk:0.5.1 -- Pulling image layers:  0 pending,  3 downloaded,  1 extracted, (4 MB/5 MB)
01:32:26.973 [docker-java-stream--1761815518] INFO tc.testcontainers/ryuk:0.5.1 -- Pulling image layers:  0 pending,  3 downloaded,  2 extracted, (4 MB/5 MB)
01:32:27.028 [docker-java-stream--1761815518] INFO tc.testcontainers/ryuk:0.5.1 -- Pulling image layers:  0 pending,  3 downloaded,  3 extracted, (5 MB/5 MB)
01:32:27.045 [docker-java-stream--1761815518] INFO tc.testcontainers/ryuk:0.5.1 -- Pull complete. 3 layers, pulled in 1s (downloaded 5 MB at 5 MB/s)
01:32:27.066 [main] INFO tc.testcontainers/ryuk:0.5.1 -- Creating container for image: testcontainers/ryuk:0.5.1
01:32:27.176 [main] INFO tc.testcontainers/ryuk:0.5.1 -- Container testcontainers/ryuk:0.5.1 is starting: a735956c8242e83db5475e314dc66802e52248d3024177e11904aea8044ef70a
01:32:27.440 [main] INFO tc.testcontainers/ryuk:0.5.1 -- Container testcontainers/ryuk:0.5.1 started in PT3.760623624S
01:32:27.445 [main] INFO org.testcontainers.utility.RyukResourceReaper -- Ryuk started - will monitor and terminate Testcontainers containers on JVM exit
01:32:27.445 [main] INFO org.testcontainers.DockerClientFactory -- Checking the system...
01:32:27.446 [main] INFO org.testcontainers.DockerClientFactory -- ✔︎ Docker server version should be at least 1.6.0
01:32:27.448 [main] INFO tc.postgres:15 -- Pulling docker image: postgres:15. Please be patient; this may take some time but only needs to be done once.
01:32:29.427 [docker-java-stream-1792076467] INFO tc.postgres:15 -- Starting to pull image
01:32:29.427 [docker-java-stream-1792076467] INFO tc.postgres:15 -- Pulling image layers:  0 pending,  0 downloaded,  0 extracted, (0 bytes/0 bytes)
01:32:30.341 [docker-java-stream-1792076467] INFO tc.postgres:15 -- Pulling image layers: 13 pending,  1 downloaded,  0 extracted, (767 KB/? MB)
01:32:30.363 [docker-java-stream-1792076467] INFO tc.postgres:15 -- Pulling image layers: 13 pending,  1 downloaded,  1 extracted, (768 KB/? MB)
01:32:30.685 [docker-java-stream-1792076467] INFO tc.postgres:15 -- Pulling image layers: 12 pending,  2 downloaded,  1 extracted, (4 MB/? MB)
01:32:30.698 [docker-java-stream-1792076467] INFO tc.postgres:15 -- Pulling image layers: 11 pending,  3 downloaded,  1 extracted, (4 MB/? MB)
01:32:30.818 [docker-java-stream-1792076467] INFO tc.postgres:15 -- Pulling image layers: 11 pending,  3 downloaded,  2 extracted, (5 MB/? MB)
01:32:30.863 [docker-java-stream-1792076467] INFO tc.postgres:15 -- Pulling image layers: 11 pending,  3 downloaded,  3 extracted, (5 MB/? MB)
01:32:31.242 [docker-java-stream-1792076467] INFO tc.postgres:15 -- Pulling image layers: 10 pending,  4 downloaded,  3 extracted, (12 MB/? MB)
01:32:31.301 [docker-java-stream-1792076467] INFO tc.postgres:15 -- Pulling image layers:  9 pending,  5 downloaded,  3 extracted, (12 MB/? MB)
01:32:31.456 [docker-java-stream-1792076467] INFO tc.postgres:15 -- Pulling image layers:  9 pending,  5 downloaded,  4 extracted, (14 MB/? MB)
01:32:31.504 [docker-java-stream-1792076467] INFO tc.postgres:15 -- Pulling image layers:  9 pending,  5 downloaded,  5 extracted, (14 MB/? MB)
01:32:31.538 [docker-java-stream-1792076467] INFO tc.postgres:15 -- Pulling image layers:  9 pending,  5 downloaded,  6 extracted, (14 MB/? MB)
01:32:31.642 [docker-java-stream-1792076467] INFO tc.postgres:15 -- Pulling image layers:  8 pending,  6 downloaded,  6 extracted, (14 MB/? MB)
01:32:31.662 [docker-java-stream-1792076467] INFO tc.postgres:15 -- Pulling image layers:  8 pending,  6 downloaded,  7 extracted, (14 MB/? MB)
01:32:31.977 [docker-java-stream-1792076467] INFO tc.postgres:15 -- Pulling image layers:  7 pending,  7 downloaded,  7 extracted, (20 MB/? MB)
01:32:32.364 [docker-java-stream-1792076467] INFO tc.postgres:15 -- Pulling image layers:  6 pending,  8 downloaded,  7 extracted, (28 MB/? MB)
01:32:32.444 [docker-java-stream-1792076467] INFO tc.postgres:15 -- Pulling image layers:  5 pending,  9 downloaded,  7 extracted, (31 MB/? MB)
01:32:32.906 [docker-java-stream-1792076467] INFO tc.postgres:15 -- Pulling image layers:  4 pending, 10 downloaded,  7 extracted, (41 MB/? MB)
01:32:33.058 [docker-java-stream-1792076467] INFO tc.postgres:15 -- Pulling image layers:  3 pending, 11 downloaded,  7 extracted, (44 MB/? MB)
01:32:36.008 [docker-java-stream-1792076467] INFO tc.postgres:15 -- Pulling image layers:  2 pending, 12 downloaded,  7 extracted, (117 MB/? MB)
01:32:38.173 [docker-java-stream-1792076467] INFO tc.postgres:15 -- Pulling image layers:  2 pending, 12 downloaded,  8 extracted, (119 MB/? MB)
01:32:38.190 [docker-java-stream-1792076467] INFO tc.postgres:15 -- Pulling image layers:  2 pending, 12 downloaded,  9 extracted, (119 MB/? MB)
01:32:38.204 [docker-java-stream-1792076467] INFO tc.postgres:15 -- Pulling image layers:  2 pending, 12 downloaded, 10 extracted, (119 MB/? MB)
01:32:38.223 [docker-java-stream-1792076467] INFO tc.postgres:15 -- Pulling image layers:  2 pending, 12 downloaded, 11 extracted, (119 MB/? MB)
01:32:38.240 [docker-java-stream-1792076467] INFO tc.postgres:15 -- Pulling image layers:  2 pending, 12 downloaded, 12 extracted, (119 MB/? MB)
01:32:38.256 [docker-java-stream-1792076467] INFO tc.postgres:15 -- Pulling image layers:  2 pending, 12 downloaded, 13 extracted, (119 MB/? MB)
01:32:38.276 [docker-java-stream-1792076467] INFO tc.postgres:15 -- Pull complete. 14 layers, pulled in 8s (downloaded 119 MB at 14 MB/s)
01:32:38.280 [main] INFO tc.postgres:15 -- Creating container for image: postgres:15
01:32:38.454 [main] INFO tc.postgres:15 -- Container postgres:15 is starting: a0b11393e562c0f1ee05640540fcadae00834ba4ad197050760ba5c23848fd8f
01:32:39.892 [main] INFO tc.postgres:15 -- Container postgres:15 started in PT12.445500241S
01:32:39.893 [main] INFO tc.postgres:15 -- Container is started (JDBC URL: jdbc:postgresql://localhost:32769/cars?loggerLevel=OFF)

  .   ____          _            __ _ _
 /\\ / ___'_ __ _ _(_)_ __  __ _ \ \ \ \
( ( )\___ | '_ | '_| | '_ \/ _` | \ \ \ \
 \\/  ___)| |_)| | | | | || (_| |  ) ) ) )
  '  |____| .__|_| |_|_| |_\__, | / / / /
 =========|_|==============|___/=/_/_/_/
 :: Spring Boot ::                (v3.1.5)

2025-03-24T01:32:40.139Z  INFO 84069 --- [           main] com.example.lab6_5.CarIntegrationTest    : Starting CarIntegrationTest using Java 21.0.6 with PID 84069 (started by miguel in /home/miguel/Secretária/3_ano/2_semestre/TQS/TQS_108481/lab6/lab6_5)
2025-03-24T01:32:40.141Z  INFO 84069 --- [           main] com.example.lab6_5.CarIntegrationTest    : No active profile set, falling back to 1 default profile: "default"
2025-03-24T01:32:40.711Z  INFO 84069 --- [           main] .s.d.r.c.RepositoryConfigurationDelegate : Bootstrapping Spring Data JPA repositories in DEFAULT mode.
2025-03-24T01:32:40.770Z  INFO 84069 --- [           main] .s.d.r.c.RepositoryConfigurationDelegate : Finished Spring Data repository scanning in 53 ms. Found 1 JPA repository interfaces.
2025-03-24T01:32:41.213Z  INFO 84069 --- [           main] o.s.b.w.embedded.tomcat.TomcatWebServer  : Tomcat initialized with port(s): 0 (http)
2025-03-24T01:32:41.224Z  INFO 84069 --- [           main] o.apache.catalina.core.StandardService   : Starting service [Tomcat]
2025-03-24T01:32:41.225Z  INFO 84069 --- [           main] o.apache.catalina.core.StandardEngine    : Starting Servlet engine: [Apache Tomcat/10.1.15]
2025-03-24T01:32:41.327Z  INFO 84069 --- [           main] o.a.c.c.C.[Tomcat].[localhost].[/]       : Initializing Spring embedded WebApplicationContext
2025-03-24T01:32:41.329Z  INFO 84069 --- [           main] w.s.c.ServletWebServerApplicationContext : Root WebApplicationContext: initialization completed in 1021 ms
Standard Commons Logging discovery in action with spring-jcl: please remove commons-logging.jar from classpath in order to avoid potential conflicts
2025-03-24T01:32:41.482Z  INFO 84069 --- [           main] o.f.c.internal.license.VersionPrinter    : Flyway Community Edition 9.16.3 by Redgate
2025-03-24T01:32:41.483Z  INFO 84069 --- [           main] o.f.c.internal.license.VersionPrinter    : See release notes here: https://rd.gt/416ObMi
2025-03-24T01:32:41.483Z  INFO 84069 --- [           main] o.f.c.internal.license.VersionPrinter    : 
2025-03-24T01:32:41.491Z  INFO 84069 --- [           main] com.zaxxer.hikari.HikariDataSource       : HikariPool-1 - Starting...
2025-03-24T01:32:41.646Z  INFO 84069 --- [           main] com.zaxxer.hikari.pool.HikariPool        : HikariPool-1 - Added connection org.postgresql.jdbc.PgConnection@2ca1e49a
2025-03-24T01:32:41.648Z  INFO 84069 --- [           main] com.zaxxer.hikari.HikariDataSource       : HikariPool-1 - Start completed.
2025-03-24T01:32:41.662Z  INFO 84069 --- [           main] o.f.c.i.database.base.BaseDatabaseType   : Database: jdbc:postgresql://localhost:32769/cars (PostgreSQL 15.12)
2025-03-24T01:32:41.688Z  INFO 84069 --- [           main] o.f.c.i.s.JdbcTableSchemaHistory         : Schema history table "public"."flyway_schema_history" does not exist yet
2025-03-24T01:32:41.691Z  INFO 84069 --- [           main] o.f.core.internal.command.DbValidate     : Successfully validated 1 migration (execution time 00:00.012s)
2025-03-24T01:32:41.701Z  INFO 84069 --- [           main] o.f.c.i.s.JdbcTableSchemaHistory         : Creating Schema History table "public"."flyway_schema_history" ...
2025-03-24T01:32:41.746Z  INFO 84069 --- [           main] o.f.core.internal.command.DbMigrate      : Current version of schema "public": << Empty Schema >>
2025-03-24T01:32:41.753Z  INFO 84069 --- [           main] o.f.core.internal.command.DbMigrate      : Migrating schema "public" to version "1 - init"
2025-03-24T01:32:41.770Z  INFO 84069 --- [           main] o.f.core.internal.command.DbMigrate      : Successfully applied 1 migration to schema "public", now at version v1 (execution time 00:00.028s)
2025-03-24T01:32:41.858Z  INFO 84069 --- [           main] o.hibernate.jpa.internal.util.LogHelper  : HHH000204: Processing PersistenceUnitInfo [name: default]
2025-03-24T01:32:41.914Z  INFO 84069 --- [           main] org.hibernate.Version                    : HHH000412: Hibernate ORM core version 6.2.13.Final
2025-03-24T01:32:41.916Z  INFO 84069 --- [           main] org.hibernate.cfg.Environment            : HHH000406: Using bytecode reflection optimizer
2025-03-24T01:32:42.100Z  INFO 84069 --- [           main] o.s.o.j.p.SpringPersistenceUnitInfo      : No LoadTimeWeaver setup: ignoring JPA class transformer
2025-03-24T01:32:42.618Z  INFO 84069 --- [           main] o.h.e.t.j.p.i.JtaPlatformInitiator       : HHH000489: No JTA platform available (set 'hibernate.transaction.jta.platform' to enable JTA platform integration)
2025-03-24T01:32:42.621Z  INFO 84069 --- [           main] j.LocalContainerEntityManagerFactoryBean : Initialized JPA EntityManagerFactory for persistence unit 'default'
2025-03-24T01:32:42.886Z  WARN 84069 --- [           main] JpaBaseConfiguration$JpaWebConfiguration : spring.jpa.open-in-view is enabled by default. Therefore, database queries may be performed during view rendering. Explicitly configure spring.jpa.open-in-view to disable this warning
2025-03-24T01:32:43.190Z  INFO 84069 --- [           main] o.s.b.w.embedded.tomcat.TomcatWebServer  : Tomcat started on port(s): 41331 (http) with context path ''
2025-03-24T01:32:43.200Z  INFO 84069 --- [           main] com.example.lab6_5.CarIntegrationTest    : Started CarIntegrationTest in 3.279 seconds (process running for 20.785)
2025-03-24T01:32:44.426Z  INFO 84069 --- [o-auto-1-exec-1] o.a.c.c.C.[Tomcat].[localhost].[/]       : Initializing Spring DispatcherServlet 'dispatcherServlet'
2025-03-24T01:32:44.426Z  INFO 84069 --- [o-auto-1-exec-1] o.s.web.servlet.DispatcherServlet        : Initializing Servlet 'dispatcherServlet'
2025-03-24T01:32:44.428Z  INFO 84069 --- [o-auto-1-exec-1] o.s.web.servlet.DispatcherServlet        : Completed initialization in 1 ms
Hibernate: select c1_0.car_id,c1_0.maker,c1_0.model from car c1_0
]]></system-out>
    <system-err><![CDATA[WARNING: A Java agent has been loaded dynamically (/home/miguel/.m2/repository/net/bytebuddy/byte-buddy-agent/1.14.9/byte-buddy-agent-1.14.9.jar)
WARNING: If a serviceability tool is in use, please run with -XX:+EnableDynamicAgentLoading to hide this warning
WARNING: If a serviceability tool is not in use, please run with -Djdk.instrument.traceUsage for more information
WARNING: Dynamic loading of agents will be disallowed by default in a future release
]]></system-err>
  </testcase>
  <testcase name="testCreateCar" classname="com.example.lab6_5.CarIntegrationTest" time="0.179">
    <system-out><![CDATA[Hibernate: insert into car (maker,model) values (?,?)
]]></system-out>
  </testcase>
</testsuite>