<?xml version="1.0" encoding="UTF-8"?>
<testsuite xmlns:xsi="http://www.w3.org/2001/XMLSchema-instance" xsi:noNamespaceSchemaLocation="https://maven.apache.org/surefire/maven-surefire-plugin/xsd/surefire-test-report.xsd" name="com.example.TqsStackTest" time="0.066" tests="10" errors="0" skipped="0" failures="0">
  <properties>
    <property name="java.specification.version" value="21"/>
    <property name="sun.jnu.encoding" value="UTF-8"/>
    <property name="java.class.path" value="/home/miguel/Secretária/3_ano/2_semestre/TQS/TQS_108481/lab1/lab1_1/tqsstack/target/test-classes:/home/miguel/Secretária/3_ano/2_semestre/TQS/TQS_108481/lab1/lab1_1/tqsstack/target/classes:/home/miguel/.m2/repository/org/junit/jupiter/junit-jupiter-api/5.9.2/junit-jupiter-api-5.9.2.jar:/home/miguel/.m2/repository/org/opentest4j/opentest4j/1.2.0/opentest4j-1.2.0.jar:/home/miguel/.m2/repository/org/apiguardian/apiguardian-api/1.1.2/apiguardian-api-1.1.2.jar:/home/miguel/.m2/repository/org/junit/jupiter/junit-jupiter-engine/5.9.2/junit-jupiter-engine-5.9.2.jar:/home/miguel/.m2/repository/org/junit/platform/junit-platform-engine/1.9.2/junit-platform-engine-1.9.2.jar:/home/miguel/.m2/repository/org/junit/platform/junit-platform-commons/1.9.2/junit-platform-commons-1.9.2.jar:"/>
    <property name="java.vm.vendor" value="Ubuntu"/>
    <property name="sun.arch.data.model" value="64"/>
    <property name="java.vendor.url" value="https://ubuntu.com/"/>
    <property name="os.name" value="Linux"/>
    <property name="java.vm.specification.version" value="21"/>
    <property name="sun.java.launcher" value="SUN_STANDARD"/>
    <property name="user.country" value="PT"/>
    <property name="sun.boot.library.path" value="/usr/lib/jvm/java-21-openjdk-amd64/lib"/>
    <property name="sun.java.command" value="/home/miguel/Secretária/3_ano/2_semestre/TQS/TQS_108481/lab1/lab1_1/tqsstack/target/surefire/surefirebooter2254970034381742035.jar /home/miguel/Secretária/3_ano/2_semestre/TQS/TQS_108481/lab1/lab1_1/tqsstack/target/surefire 2025-02-17T21-35-09_543-jvmRun1 surefire1829218588697189798tmp surefire_011025833979908566164tmp"/>
    <property name="jdk.debug" value="release"/>
    <property name="surefire.test.class.path" value="/home/miguel/Secretária/3_ano/2_semestre/TQS/TQS_108481/lab1/lab1_1/tqsstack/target/test-classes:/home/miguel/Secretária/3_ano/2_semestre/TQS/TQS_108481/lab1/lab1_1/tqsstack/target/classes:/home/miguel/.m2/repository/org/junit/jupiter/junit-jupiter-api/5.9.2/junit-jupiter-api-5.9.2.jar:/home/miguel/.m2/repository/org/opentest4j/opentest4j/1.2.0/opentest4j-1.2.0.jar:/home/miguel/.m2/repository/org/apiguardian/apiguardian-api/1.1.2/apiguardian-api-1.1.2.jar:/home/miguel/.m2/repository/org/junit/jupiter/junit-jupiter-engine/5.9.2/junit-jupiter-engine-5.9.2.jar:/home/miguel/.m2/repository/org/junit/platform/junit-platform-engine/1.9.2/junit-platform-engine-1.9.2.jar:/home/miguel/.m2/repository/org/junit/platform/junit-platform-commons/1.9.2/junit-platform-commons-1.9.2.jar:"/>
    <property name="sun.cpu.endian" value="little"/>
    <property name="user.home" value="/home/miguel"/>
    <property name="user.language" value="pt"/>
    <property name="java.specification.vendor" value="Oracle Corporation"/>
    <property name="java.version.date" value="2025-01-21"/>
    <property name="java.home" value="/usr/lib/jvm/java-21-openjdk-amd64"/>
    <property name="file.separator" value="/"/>
    <property name="basedir" value="/home/miguel/Secretária/3_ano/2_semestre/TQS/TQS_108481/lab1/lab1_1/tqsstack"/>
    <property name="java.vm.compressedOopsMode" value="Zero based"/>
    <property name="line.separator" value="&#10;"/>
    <property name="java.specification.name" value="Java Platform API Specification"/>
    <property name="java.vm.specification.vendor" value="Oracle Corporation"/>
    <property name="surefire.real.class.path" value="/home/miguel/Secretária/3_ano/2_semestre/TQS/TQS_108481/lab1/lab1_1/tqsstack/target/surefire/surefirebooter2254970034381742035.jar"/>
    <property name="sun.management.compiler" value="HotSpot 64-Bit Tiered Compilers"/>
    <property name="java.runtime.version" value="21.0.6+7-Ubuntu-124.04.1"/>
    <property name="user.name" value="miguel"/>
    <property name="stdout.encoding" value="UTF-8"/>
    <property name="path.separator" value=":"/>
    <property name="os.version" value="6.11.0-17-generic"/>
    <property name="java.runtime.name" value="OpenJDK Runtime Environment"/>
    <property name="file.encoding" value="UTF-8"/>
    <property name="java.vm.name" value="OpenJDK 64-Bit Server VM"/>
    <property name="localRepository" value="/home/miguel/.m2/repository"/>
    <property name="java.vendor.url.bug" value="https://bugs.launchpad.net/ubuntu/+source/openjdk-21"/>
    <property name="java.io.tmpdir" value="/tmp"/>
    <property name="java.version" value="21.0.6"/>
    <property name="user.dir" value="/home/miguel/Secretária/3_ano/2_semestre/TQS/TQS_108481/lab1/lab1_1/tqsstack"/>
    <property name="os.arch" value="amd64"/>
    <property name="java.vm.specification.name" value="Java Virtual Machine Specification"/>
    <property name="native.encoding" value="UTF-8"/>
    <property name="java.library.path" value="/usr/java/packages/lib:/usr/lib/x86_64-linux-gnu/jni:/lib/x86_64-linux-gnu:/usr/lib/x86_64-linux-gnu:/usr/lib/jni:/lib:/usr/lib"/>
    <property name="java.vm.info" value="mixed mode, sharing"/>
    <property name="stderr.encoding" value="UTF-8"/>
    <property name="java.vendor" value="Ubuntu"/>
    <property name="java.vm.version" value="21.0.6+7-Ubuntu-124.04.1"/>
    <property name="sun.io.unicode.encoding" value="UnicodeLittle"/>
    <property name="java.class.version" value="65.0"/>
  </properties>
  <testcase name="testSizeAfterAllPops" classname="com.example.TqsStackTest" time="0.032"/>
  <testcase name="testPushToFullStack" classname="com.example.TqsStackTest" time="0.002"/>
  <testcase name="testPeekReturnsLastPushedElement" classname="com.example.TqsStackTest" time="0.002"/>
  <testcase name="testStackSizeZeroOnConstruction" classname="com.example.TqsStackTest" time="0.001"/>
  <testcase name="testPopReturnsLastPushedElement" classname="com.example.TqsStackTest" time="0.001"/>
  <testcase name="testPeekEmptyStack" classname="com.example.TqsStackTest" time="0.001"/>
  <testcase name="testEmptyOnConstruction" classname="com.example.TqsStackTest" time="0.001"/>
  <testcase name="testpopTopN" classname="com.example.TqsStackTest" time="0.002"/>
  <testcase name="testStackSizeOneAfterPush" classname="com.example.TqsStackTest" time="0.001"/>
  <testcase name="testPopEmptyStack" classname="com.example.TqsStackTest" time="0.001"/>
</testsuite>